<?xml version="1.0" encoding="UTF-8"?>
<testsuite xmlns:xsi="http://www.w3.org/2001/XMLSchema-instance" xsi:noNamespaceSchemaLocation="https://maven.apache.org/surefire/maven-surefire-plugin/xsd/surefire-test-report-3.0.xsd" version="3.0" name="com.eafit.calculatordvj.CalculatorApplicationTests" time="8.574" tests="8" errors="0" skipped="0" failures="0">
  <properties>
    <property name="java.specification.version" value="17"/>
    <property name="sun.jnu.encoding" value="UTF-8"/>
    <property name="java.class.path" value="/Users/julian/projects/cicdapp-dvj/target/test-classes:/Users/julian/projects/cicdapp-dvj/target/classes:/Users/julian/.m2/repository/com/fasterxml/jackson/module/jackson-module-kotlin/2.15.2/jackson-module-kotlin-2.15.2.jar:/Users/julian/.m2/repository/com/fasterxml/jackson/core/jackson-databind/2.15.2/jackson-databind-2.15.2.jar:/Users/julian/.m2/repository/com/fasterxml/jackson/core/jackson-core/2.15.2/jackson-core-2.15.2.jar:/Users/julian/.m2/repository/com/fasterxml/jackson/core/jackson-annotations/2.15.2/jackson-annotations-2.15.2.jar:/Users/julian/.m2/repository/org/jetbrains/kotlin/kotlin-reflect/1.8.22/kotlin-reflect-1.8.22.jar:/Users/julian/.m2/repository/org/jetbrains/kotlin/kotlin-stdlib/1.8.22/kotlin-stdlib-1.8.22.jar:/Users/julian/.m2/repository/org/jetbrains/kotlin/kotlin-stdlib-common/1.8.22/kotlin-stdlib-common-1.8.22.jar:/Users/julian/.m2/repository/org/jetbrains/annotations/13.0/annotations-13.0.jar:/Users/julian/.m2/repository/org/springframework/boot/spring-boot-starter-web/3.1.4/spring-boot-starter-web-3.1.4.jar:/Users/julian/.m2/repository/org/springframework/boot/spring-boot-starter/3.1.4/spring-boot-starter-3.1.4.jar:/Users/julian/.m2/repository/org/springframework/boot/spring-boot/3.1.4/spring-boot-3.1.4.jar:/Users/julian/.m2/repository/org/springframework/boot/spring-boot-autoconfigure/3.1.4/spring-boot-autoconfigure-3.1.4.jar:/Users/julian/.m2/repository/org/springframework/boot/spring-boot-starter-logging/3.1.4/spring-boot-starter-logging-3.1.4.jar:/Users/julian/.m2/repository/org/apache/logging/log4j/log4j-to-slf4j/2.20.0/log4j-to-slf4j-2.20.0.jar:/Users/julian/.m2/repository/org/apache/logging/log4j/log4j-api/2.20.0/log4j-api-2.20.0.jar:/Users/julian/.m2/repository/org/slf4j/jul-to-slf4j/2.0.9/jul-to-slf4j-2.0.9.jar:/Users/julian/.m2/repository/jakarta/annotation/jakarta.annotation-api/2.1.1/jakarta.annotation-api-2.1.1.jar:/Users/julian/.m2/repository/org/yaml/snakeyaml/1.33/snakeyaml-1.33.jar:/Users/julian/.m2/repository/org/springframework/boot/spring-boot-starter-json/3.1.4/spring-boot-starter-json-3.1.4.jar:/Users/julian/.m2/repository/com/fasterxml/jackson/datatype/jackson-datatype-jdk8/2.15.2/jackson-datatype-jdk8-2.15.2.jar:/Users/julian/.m2/repository/com/fasterxml/jackson/datatype/jackson-datatype-jsr310/2.15.2/jackson-datatype-jsr310-2.15.2.jar:/Users/julian/.m2/repository/com/fasterxml/jackson/module/jackson-module-parameter-names/2.15.2/jackson-module-parameter-names-2.15.2.jar:/Users/julian/.m2/repository/org/springframework/boot/spring-boot-starter-tomcat/3.1.4/spring-boot-starter-tomcat-3.1.4.jar:/Users/julian/.m2/repository/org/apache/tomcat/embed/tomcat-embed-core/10.1.13/tomcat-embed-core-10.1.13.jar:/Users/julian/.m2/repository/org/apache/tomcat/embed/tomcat-embed-el/10.1.13/tomcat-embed-el-10.1.13.jar:/Users/julian/.m2/repository/org/apache/tomcat/embed/tomcat-embed-websocket/10.1.13/tomcat-embed-websocket-10.1.13.jar:/Users/julian/.m2/repository/org/springframework/spring-web/6.0.12/spring-web-6.0.12.jar:/Users/julian/.m2/repository/org/springframework/spring-beans/6.0.12/spring-beans-6.0.12.jar:/Users/julian/.m2/repository/org/springframework/spring-webmvc/6.0.12/spring-webmvc-6.0.12.jar:/Users/julian/.m2/repository/org/springframework/spring-aop/6.0.12/spring-aop-6.0.12.jar:/Users/julian/.m2/repository/org/springframework/spring-context/6.0.12/spring-context-6.0.12.jar:/Users/julian/.m2/repository/org/springframework/spring-expression/6.0.12/spring-expression-6.0.12.jar:/Users/julian/.m2/repository/org/springframework/boot/spring-boot-starter-actuator/3.1.4/spring-boot-starter-actuator-3.1.4.jar:/Users/julian/.m2/repository/org/springframework/boot/spring-boot-actuator-autoconfigure/3.1.4/spring-boot-actuator-autoconfigure-3.1.4.jar:/Users/julian/.m2/repository/org/springframework/boot/spring-boot-actuator/3.1.4/spring-boot-actuator-3.1.4.jar:/Users/julian/.m2/repository/io/micrometer/micrometer-observation/1.11.4/micrometer-observation-1.11.4.jar:/Users/julian/.m2/repository/io/micrometer/micrometer-commons/1.11.4/micrometer-commons-1.11.4.jar:/Users/julian/.m2/repository/io/micrometer/micrometer-core/1.11.4/micrometer-core-1.11.4.jar:/Users/julian/.m2/repository/org/hdrhistogram/HdrHistogram/2.1.12/HdrHistogram-2.1.12.jar:/Users/julian/.m2/repository/org/latencyutils/LatencyUtils/2.0.3/LatencyUtils-2.0.3.jar:/Users/julian/.m2/repository/org/springframework/boot/spring-boot-starter-test/3.1.4/spring-boot-starter-test-3.1.4.jar:/Users/julian/.m2/repository/org/springframework/boot/spring-boot-test/3.1.4/spring-boot-test-3.1.4.jar:/Users/julian/.m2/repository/org/springframework/boot/spring-boot-test-autoconfigure/3.1.4/spring-boot-test-autoconfigure-3.1.4.jar:/Users/julian/.m2/repository/com/jayway/jsonpath/json-path/2.8.0/json-path-2.8.0.jar:/Users/julian/.m2/repository/org/slf4j/slf4j-api/2.0.9/slf4j-api-2.0.9.jar:/Users/julian/.m2/repository/jakarta/xml/bind/jakarta.xml.bind-api/4.0.1/jakarta.xml.bind-api-4.0.1.jar:/Users/julian/.m2/repository/jakarta/activation/jakarta.activation-api/2.1.2/jakarta.activation-api-2.1.2.jar:/Users/julian/.m2/repository/net/minidev/json-smart/2.4.11/json-smart-2.4.11.jar:/Users/julian/.m2/repository/net/minidev/accessors-smart/2.4.11/accessors-smart-2.4.11.jar:/Users/julian/.m2/repository/org/ow2/asm/asm/9.3/asm-9.3.jar:/Users/julian/.m2/repository/org/assertj/assertj-core/3.24.2/assertj-core-3.24.2.jar:/Users/julian/.m2/repository/net/bytebuddy/byte-buddy/1.14.8/byte-buddy-1.14.8.jar:/Users/julian/.m2/repository/org/hamcrest/hamcrest/2.2/hamcrest-2.2.jar:/Users/julian/.m2/repository/org/junit/jupiter/junit-jupiter/5.9.3/junit-jupiter-5.9.3.jar:/Users/julian/.m2/repository/org/junit/jupiter/junit-jupiter-api/5.9.3/junit-jupiter-api-5.9.3.jar:/Users/julian/.m2/repository/org/opentest4j/opentest4j/1.2.0/opentest4j-1.2.0.jar:/Users/julian/.m2/repository/org/junit/platform/junit-platform-commons/1.9.3/junit-platform-commons-1.9.3.jar:/Users/julian/.m2/repository/org/apiguardian/apiguardian-api/1.1.2/apiguardian-api-1.1.2.jar:/Users/julian/.m2/repository/org/junit/jupiter/junit-jupiter-params/5.9.3/junit-jupiter-params-5.9.3.jar:/Users/julian/.m2/repository/org/junit/jupiter/junit-jupiter-engine/5.9.3/junit-jupiter-engine-5.9.3.jar:/Users/julian/.m2/repository/org/junit/platform/junit-platform-engine/1.9.3/junit-platform-engine-1.9.3.jar:/Users/julian/.m2/repository/org/mockito/mockito-core/5.3.1/mockito-core-5.3.1.jar:/Users/julian/.m2/repository/net/bytebuddy/byte-buddy-agent/1.14.8/byte-buddy-agent-1.14.8.jar:/Users/julian/.m2/repository/org/objenesis/objenesis/3.3/objenesis-3.3.jar:/Users/julian/.m2/repository/org/mockito/mockito-junit-jupiter/5.3.1/mockito-junit-jupiter-5.3.1.jar:/Users/julian/.m2/repository/org/skyscreamer/jsonassert/1.5.1/jsonassert-1.5.1.jar:/Users/julian/.m2/repository/com/vaadin/external/google/android-json/0.0.20131108.vaadin1/android-json-0.0.20131108.vaadin1.jar:/Users/julian/.m2/repository/org/springframework/spring-core/6.0.12/spring-core-6.0.12.jar:/Users/julian/.m2/repository/org/springframework/spring-jcl/6.0.12/spring-jcl-6.0.12.jar:/Users/julian/.m2/repository/org/springframework/spring-test/6.0.12/spring-test-6.0.12.jar:/Users/julian/.m2/repository/org/xmlunit/xmlunit-core/2.9.1/xmlunit-core-2.9.1.jar:/Users/julian/.m2/repository/com/pinterest/ktlint/0.49.1/ktlint-0.49.1.jar:/Users/julian/.m2/repository/org/jetbrains/kotlin/kotlin-stdlib-jdk8/1.8.22/kotlin-stdlib-jdk8-1.8.22.jar:/Users/julian/.m2/repository/org/jetbrains/kotlin/kotlin-stdlib-jdk7/1.8.22/kotlin-stdlib-jdk7-1.8.22.jar:/Users/julian/.m2/repository/com/pinterest/ktlint/ktlint-core/0.49.1/ktlint-core-0.49.1.jar:/Users/julian/.m2/repository/org/jetbrains/kotlin/kotlin-compiler-embeddable/1.8.22/kotlin-compiler-embeddable-1.8.22.jar:/Users/julian/.m2/repository/org/jetbrains/kotlin/kotlin-script-runtime/1.8.22/kotlin-script-runtime-1.8.22.jar:/Users/julian/.m2/repository/org/jetbrains/kotlin/kotlin-daemon-embeddable/1.8.22/kotlin-daemon-embeddable-1.8.22.jar:/Users/julian/.m2/repository/org/jetbrains/intellij/deps/trove4j/1.0.20200330/trove4j-1.0.20200330.jar:/Users/julian/.m2/repository/net/java/dev/jna/jna/5.6.0/jna-5.6.0.jar:/Users/julian/.m2/repository/org/ec4j/core/ec4j-core/0.3.0/ec4j-core-0.3.0.jar:/Users/julian/.m2/repository/com/pinterest/ktlint/ktlint-logger/0.49.1/ktlint-logger-0.49.1.jar:/Users/julian/.m2/repository/io/github/microutils/kotlin-logging-jvm/3.0.5/kotlin-logging-jvm-3.0.5.jar:/Users/julian/.m2/repository/com/pinterest/ktlint/ktlint-reporter-baseline/0.49.1/ktlint-reporter-baseline-0.49.1.jar:/Users/julian/.m2/repository/com/pinterest/ktlint/ktlint-rule-engine-core/0.49.1/ktlint-rule-engine-core-0.49.1.jar:/Users/julian/.m2/repository/com/pinterest/ktlint/ktlint-cli-reporter/0.49.1/ktlint-cli-reporter-0.49.1.jar:/Users/julian/.m2/repository/com/pinterest/ktlint/ktlint-reporter-plain/0.49.1/ktlint-reporter-plain-0.49.1.jar:/Users/julian/.m2/repository/com/pinterest/ktlint/ktlint-rule-engine/0.49.1/ktlint-rule-engine-0.49.1.jar:/Users/julian/.m2/repository/com/pinterest/ktlint/ktlint-ruleset-standard/0.49.1/ktlint-ruleset-standard-0.49.1.jar:/Users/julian/.m2/repository/com/pinterest/ktlint/ktlint-cli-ruleset-core/0.49.1/ktlint-cli-ruleset-core-0.49.1.jar:/Users/julian/.m2/repository/info/picocli/picocli/4.7.1/picocli-4.7.1.jar:/Users/julian/.m2/repository/ch/qos/logback/logback-classic/1.4.11/logback-classic-1.4.11.jar:/Users/julian/.m2/repository/ch/qos/logback/logback-core/1.4.11/logback-core-1.4.11.jar:/Users/julian/.m2/repository/com/pinterest/ktlint/ktlint-reporter-checkstyle/0.49.1/ktlint-reporter-checkstyle-0.49.1.jar:/Users/julian/.m2/repository/com/pinterest/ktlint/ktlint-reporter-json/0.49.1/ktlint-reporter-json-0.49.1.jar:/Users/julian/.m2/repository/com/pinterest/ktlint/ktlint-reporter-format/0.49.1/ktlint-reporter-format-0.49.1.jar:/Users/julian/.m2/repository/com/pinterest/ktlint/ktlint-reporter-html/0.49.1/ktlint-reporter-html-0.49.1.jar:/Users/julian/.m2/repository/com/pinterest/ktlint/ktlint-reporter-plain-summary/0.49.1/ktlint-reporter-plain-summary-0.49.1.jar:/Users/julian/.m2/repository/com/pinterest/ktlint/ktlint-reporter-sarif/0.49.1/ktlint-reporter-sarif-0.49.1.jar:/Users/julian/.m2/repository/io/github/detekt/sarif4k/sarif4k/0.2.0/sarif4k-0.2.0.jar:/Users/julian/.m2/repository/org/jetbrains/kotlinx/kotlinx-serialization-json-jvm/1.4.1/kotlinx-serialization-json-jvm-1.4.1.jar:/Users/julian/.m2/repository/org/jetbrains/kotlinx/kotlinx-serialization-core-jvm/1.4.1/kotlinx-serialization-core-jvm-1.4.1.jar:"/>
    <property name="java.vm.vendor" value="Azul Systems, Inc."/>
    <property name="sun.arch.data.model" value="64"/>
    <property name="catalina.useNaming" value="false"/>
    <property name="java.vendor.url" value="http://www.azul.com/"/>
    <property name="user.timezone" value="America/Bogota"/>
    <property name="os.name" value="Mac OS X"/>
    <property name="java.vm.specification.version" value="17"/>
    <property name="sun.java.launcher" value="SUN_STANDARD"/>
    <property name="user.country" value="CO"/>
    <property name="sun.boot.library.path" value="/Users/julian/Library/Java/JavaVirtualMachines/azul-17.0.4/Contents/Home/lib"/>
    <property name="sun.java.command" value="/Users/julian/projects/cicdapp-dvj/target/surefire/surefirebooter-20231018205700873_3.jar /Users/julian/projects/cicdapp-dvj/target/surefire 2023-10-18T20-57-00_708-jvmRun1 surefire-20231018205700873_1tmp surefire_0-20231018205700873_2tmp"/>
    <property name="http.nonProxyHosts" value="local|*.local|169.254/16|*.169.254/16"/>
    <property name="jdk.debug" value="release"/>
    <property name="surefire.test.class.path" value="/Users/julian/projects/cicdapp-dvj/target/test-classes:/Users/julian/projects/cicdapp-dvj/target/classes:/Users/julian/.m2/repository/com/fasterxml/jackson/module/jackson-module-kotlin/2.15.2/jackson-module-kotlin-2.15.2.jar:/Users/julian/.m2/repository/com/fasterxml/jackson/core/jackson-databind/2.15.2/jackson-databind-2.15.2.jar:/Users/julian/.m2/repository/com/fasterxml/jackson/core/jackson-core/2.15.2/jackson-core-2.15.2.jar:/Users/julian/.m2/repository/com/fasterxml/jackson/core/jackson-annotations/2.15.2/jackson-annotations-2.15.2.jar:/Users/julian/.m2/repository/org/jetbrains/kotlin/kotlin-reflect/1.8.22/kotlin-reflect-1.8.22.jar:/Users/julian/.m2/repository/org/jetbrains/kotlin/kotlin-stdlib/1.8.22/kotlin-stdlib-1.8.22.jar:/Users/julian/.m2/repository/org/jetbrains/kotlin/kotlin-stdlib-common/1.8.22/kotlin-stdlib-common-1.8.22.jar:/Users/julian/.m2/repository/org/jetbrains/annotations/13.0/annotations-13.0.jar:/Users/julian/.m2/repository/org/springframework/boot/spring-boot-starter-web/3.1.4/spring-boot-starter-web-3.1.4.jar:/Users/julian/.m2/repository/org/springframework/boot/spring-boot-starter/3.1.4/spring-boot-starter-3.1.4.jar:/Users/julian/.m2/repository/org/springframework/boot/spring-boot/3.1.4/spring-boot-3.1.4.jar:/Users/julian/.m2/repository/org/springframework/boot/spring-boot-autoconfigure/3.1.4/spring-boot-autoconfigure-3.1.4.jar:/Users/julian/.m2/repository/org/springframework/boot/spring-boot-starter-logging/3.1.4/spring-boot-starter-logging-3.1.4.jar:/Users/julian/.m2/repository/org/apache/logging/log4j/log4j-to-slf4j/2.20.0/log4j-to-slf4j-2.20.0.jar:/Users/julian/.m2/repository/org/apache/logging/log4j/log4j-api/2.20.0/log4j-api-2.20.0.jar:/Users/julian/.m2/repository/org/slf4j/jul-to-slf4j/2.0.9/jul-to-slf4j-2.0.9.jar:/Users/julian/.m2/repository/jakarta/annotation/jakarta.annotation-api/2.1.1/jakarta.annotation-api-2.1.1.jar:/Users/julian/.m2/repository/org/yaml/snakeyaml/1.33/snakeyaml-1.33.jar:/Users/julian/.m2/repository/org/springframework/boot/spring-boot-starter-json/3.1.4/spring-boot-starter-json-3.1.4.jar:/Users/julian/.m2/repository/com/fasterxml/jackson/datatype/jackson-datatype-jdk8/2.15.2/jackson-datatype-jdk8-2.15.2.jar:/Users/julian/.m2/repository/com/fasterxml/jackson/datatype/jackson-datatype-jsr310/2.15.2/jackson-datatype-jsr310-2.15.2.jar:/Users/julian/.m2/repository/com/fasterxml/jackson/module/jackson-module-parameter-names/2.15.2/jackson-module-parameter-names-2.15.2.jar:/Users/julian/.m2/repository/org/springframework/boot/spring-boot-starter-tomcat/3.1.4/spring-boot-starter-tomcat-3.1.4.jar:/Users/julian/.m2/repository/org/apache/tomcat/embed/tomcat-embed-core/10.1.13/tomcat-embed-core-10.1.13.jar:/Users/julian/.m2/repository/org/apache/tomcat/embed/tomcat-embed-el/10.1.13/tomcat-embed-el-10.1.13.jar:/Users/julian/.m2/repository/org/apache/tomcat/embed/tomcat-embed-websocket/10.1.13/tomcat-embed-websocket-10.1.13.jar:/Users/julian/.m2/repository/org/springframework/spring-web/6.0.12/spring-web-6.0.12.jar:/Users/julian/.m2/repository/org/springframework/spring-beans/6.0.12/spring-beans-6.0.12.jar:/Users/julian/.m2/repository/org/springframework/spring-webmvc/6.0.12/spring-webmvc-6.0.12.jar:/Users/julian/.m2/repository/org/springframework/spring-aop/6.0.12/spring-aop-6.0.12.jar:/Users/julian/.m2/repository/org/springframework/spring-context/6.0.12/spring-context-6.0.12.jar:/Users/julian/.m2/repository/org/springframework/spring-expression/6.0.12/spring-expression-6.0.12.jar:/Users/julian/.m2/repository/org/springframework/boot/spring-boot-starter-actuator/3.1.4/spring-boot-starter-actuator-3.1.4.jar:/Users/julian/.m2/repository/org/springframework/boot/spring-boot-actuator-autoconfigure/3.1.4/spring-boot-actuator-autoconfigure-3.1.4.jar:/Users/julian/.m2/repository/org/springframework/boot/spring-boot-actuator/3.1.4/spring-boot-actuator-3.1.4.jar:/Users/julian/.m2/repository/io/micrometer/micrometer-observation/1.11.4/micrometer-observation-1.11.4.jar:/Users/julian/.m2/repository/io/micrometer/micrometer-commons/1.11.4/micrometer-commons-1.11.4.jar:/Users/julian/.m2/repository/io/micrometer/micrometer-core/1.11.4/micrometer-core-1.11.4.jar:/Users/julian/.m2/repository/org/hdrhistogram/HdrHistogram/2.1.12/HdrHistogram-2.1.12.jar:/Users/julian/.m2/repository/org/latencyutils/LatencyUtils/2.0.3/LatencyUtils-2.0.3.jar:/Users/julian/.m2/repository/org/springframework/boot/spring-boot-starter-test/3.1.4/spring-boot-starter-test-3.1.4.jar:/Users/julian/.m2/repository/org/springframework/boot/spring-boot-test/3.1.4/spring-boot-test-3.1.4.jar:/Users/julian/.m2/repository/org/springframework/boot/spring-boot-test-autoconfigure/3.1.4/spring-boot-test-autoconfigure-3.1.4.jar:/Users/julian/.m2/repository/com/jayway/jsonpath/json-path/2.8.0/json-path-2.8.0.jar:/Users/julian/.m2/repository/org/slf4j/slf4j-api/2.0.9/slf4j-api-2.0.9.jar:/Users/julian/.m2/repository/jakarta/xml/bind/jakarta.xml.bind-api/4.0.1/jakarta.xml.bind-api-4.0.1.jar:/Users/julian/.m2/repository/jakarta/activation/jakarta.activation-api/2.1.2/jakarta.activation-api-2.1.2.jar:/Users/julian/.m2/repository/net/minidev/json-smart/2.4.11/json-smart-2.4.11.jar:/Users/julian/.m2/repository/net/minidev/accessors-smart/2.4.11/accessors-smart-2.4.11.jar:/Users/julian/.m2/repository/org/ow2/asm/asm/9.3/asm-9.3.jar:/Users/julian/.m2/repository/org/assertj/assertj-core/3.24.2/assertj-core-3.24.2.jar:/Users/julian/.m2/repository/net/bytebuddy/byte-buddy/1.14.8/byte-buddy-1.14.8.jar:/Users/julian/.m2/repository/org/hamcrest/hamcrest/2.2/hamcrest-2.2.jar:/Users/julian/.m2/repository/org/junit/jupiter/junit-jupiter/5.9.3/junit-jupiter-5.9.3.jar:/Users/julian/.m2/repository/org/junit/jupiter/junit-jupiter-api/5.9.3/junit-jupiter-api-5.9.3.jar:/Users/julian/.m2/repository/org/opentest4j/opentest4j/1.2.0/opentest4j-1.2.0.jar:/Users/julian/.m2/repository/org/junit/platform/junit-platform-commons/1.9.3/junit-platform-commons-1.9.3.jar:/Users/julian/.m2/repository/org/apiguardian/apiguardian-api/1.1.2/apiguardian-api-1.1.2.jar:/Users/julian/.m2/repository/org/junit/jupiter/junit-jupiter-params/5.9.3/junit-jupiter-params-5.9.3.jar:/Users/julian/.m2/repository/org/junit/jupiter/junit-jupiter-engine/5.9.3/junit-jupiter-engine-5.9.3.jar:/Users/julian/.m2/repository/org/junit/platform/junit-platform-engine/1.9.3/junit-platform-engine-1.9.3.jar:/Users/julian/.m2/repository/org/mockito/mockito-core/5.3.1/mockito-core-5.3.1.jar:/Users/julian/.m2/repository/net/bytebuddy/byte-buddy-agent/1.14.8/byte-buddy-agent-1.14.8.jar:/Users/julian/.m2/repository/org/objenesis/objenesis/3.3/objenesis-3.3.jar:/Users/julian/.m2/repository/org/mockito/mockito-junit-jupiter/5.3.1/mockito-junit-jupiter-5.3.1.jar:/Users/julian/.m2/repository/org/skyscreamer/jsonassert/1.5.1/jsonassert-1.5.1.jar:/Users/julian/.m2/repository/com/vaadin/external/google/android-json/0.0.20131108.vaadin1/android-json-0.0.20131108.vaadin1.jar:/Users/julian/.m2/repository/org/springframework/spring-core/6.0.12/spring-core-6.0.12.jar:/Users/julian/.m2/repository/org/springframework/spring-jcl/6.0.12/spring-jcl-6.0.12.jar:/Users/julian/.m2/repository/org/springframework/spring-test/6.0.12/spring-test-6.0.12.jar:/Users/julian/.m2/repository/org/xmlunit/xmlunit-core/2.9.1/xmlunit-core-2.9.1.jar:/Users/julian/.m2/repository/com/pinterest/ktlint/0.49.1/ktlint-0.49.1.jar:/Users/julian/.m2/repository/org/jetbrains/kotlin/kotlin-stdlib-jdk8/1.8.22/kotlin-stdlib-jdk8-1.8.22.jar:/Users/julian/.m2/repository/org/jetbrains/kotlin/kotlin-stdlib-jdk7/1.8.22/kotlin-stdlib-jdk7-1.8.22.jar:/Users/julian/.m2/repository/com/pinterest/ktlint/ktlint-core/0.49.1/ktlint-core-0.49.1.jar:/Users/julian/.m2/repository/org/jetbrains/kotlin/kotlin-compiler-embeddable/1.8.22/kotlin-compiler-embeddable-1.8.22.jar:/Users/julian/.m2/repository/org/jetbrains/kotlin/kotlin-script-runtime/1.8.22/kotlin-script-runtime-1.8.22.jar:/Users/julian/.m2/repository/org/jetbrains/kotlin/kotlin-daemon-embeddable/1.8.22/kotlin-daemon-embeddable-1.8.22.jar:/Users/julian/.m2/repository/org/jetbrains/intellij/deps/trove4j/1.0.20200330/trove4j-1.0.20200330.jar:/Users/julian/.m2/repository/net/java/dev/jna/jna/5.6.0/jna-5.6.0.jar:/Users/julian/.m2/repository/org/ec4j/core/ec4j-core/0.3.0/ec4j-core-0.3.0.jar:/Users/julian/.m2/repository/com/pinterest/ktlint/ktlint-logger/0.49.1/ktlint-logger-0.49.1.jar:/Users/julian/.m2/repository/io/github/microutils/kotlin-logging-jvm/3.0.5/kotlin-logging-jvm-3.0.5.jar:/Users/julian/.m2/repository/com/pinterest/ktlint/ktlint-reporter-baseline/0.49.1/ktlint-reporter-baseline-0.49.1.jar:/Users/julian/.m2/repository/com/pinterest/ktlint/ktlint-rule-engine-core/0.49.1/ktlint-rule-engine-core-0.49.1.jar:/Users/julian/.m2/repository/com/pinterest/ktlint/ktlint-cli-reporter/0.49.1/ktlint-cli-reporter-0.49.1.jar:/Users/julian/.m2/repository/com/pinterest/ktlint/ktlint-reporter-plain/0.49.1/ktlint-reporter-plain-0.49.1.jar:/Users/julian/.m2/repository/com/pinterest/ktlint/ktlint-rule-engine/0.49.1/ktlint-rule-engine-0.49.1.jar:/Users/julian/.m2/repository/com/pinterest/ktlint/ktlint-ruleset-standard/0.49.1/ktlint-ruleset-standard-0.49.1.jar:/Users/julian/.m2/repository/com/pinterest/ktlint/ktlint-cli-ruleset-core/0.49.1/ktlint-cli-ruleset-core-0.49.1.jar:/Users/julian/.m2/repository/info/picocli/picocli/4.7.1/picocli-4.7.1.jar:/Users/julian/.m2/repository/ch/qos/logback/logback-classic/1.4.11/logback-classic-1.4.11.jar:/Users/julian/.m2/repository/ch/qos/logback/logback-core/1.4.11/logback-core-1.4.11.jar:/Users/julian/.m2/repository/com/pinterest/ktlint/ktlint-reporter-checkstyle/0.49.1/ktlint-reporter-checkstyle-0.49.1.jar:/Users/julian/.m2/repository/com/pinterest/ktlint/ktlint-reporter-json/0.49.1/ktlint-reporter-json-0.49.1.jar:/Users/julian/.m2/repository/com/pinterest/ktlint/ktlint-reporter-format/0.49.1/ktlint-reporter-format-0.49.1.jar:/Users/julian/.m2/repository/com/pinterest/ktlint/ktlint-reporter-html/0.49.1/ktlint-reporter-html-0.49.1.jar:/Users/julian/.m2/repository/com/pinterest/ktlint/ktlint-reporter-plain-summary/0.49.1/ktlint-reporter-plain-summary-0.49.1.jar:/Users/julian/.m2/repository/com/pinterest/ktlint/ktlint-reporter-sarif/0.49.1/ktlint-reporter-sarif-0.49.1.jar:/Users/julian/.m2/repository/io/github/detekt/sarif4k/sarif4k/0.2.0/sarif4k-0.2.0.jar:/Users/julian/.m2/repository/org/jetbrains/kotlinx/kotlinx-serialization-json-jvm/1.4.1/kotlinx-serialization-json-jvm-1.4.1.jar:/Users/julian/.m2/repository/org/jetbrains/kotlinx/kotlinx-serialization-core-jvm/1.4.1/kotlinx-serialization-core-jvm-1.4.1.jar:"/>
    <property name="sun.cpu.endian" value="little"/>
    <property name="user.home" value="/Users/julian"/>
    <property name="user.language" value="en"/>
    <property name="java.specification.vendor" value="Oracle Corporation"/>
    <property name="java.version.date" value="2022-07-19"/>
    <property name="java.home" value="/Users/julian/Library/Java/JavaVirtualMachines/azul-17.0.4/Contents/Home"/>
    <property name="file.separator" value="/"/>
    <property name="basedir" value="/Users/julian/projects/cicdapp-dvj"/>
    <property name="java.vm.compressedOopsMode" value="Zero based"/>
    <property name="line.separator" value="&#10;"/>
    <property name="java.vm.specification.vendor" value="Oracle Corporation"/>
    <property name="java.specification.name" value="Java Platform API Specification"/>
    <property name="FILE_LOG_CHARSET" value="UTF-8"/>
    <property name="java.awt.headless" value="true"/>
    <property name="surefire.real.class.path" value="/Users/julian/projects/cicdapp-dvj/target/surefire/surefirebooter-20231018205700873_3.jar"/>
    <property name="sun.management.compiler" value="HotSpot 64-Bit Tiered Compilers"/>
    <property name="ftp.nonProxyHosts" value="local|*.local|169.254/16|*.169.254/16"/>
    <property name="java.runtime.version" value="17.0.4+8-LTS"/>
    <property name="user.name" value="julian"/>
    <property name="path.separator" value=":"/>
    <property name="os.version" value="13.6"/>
    <property name="java.runtime.name" value="OpenJDK Runtime Environment"/>
    <property name="file.encoding" value="UTF-8"/>
    <property name="java.vm.name" value="OpenJDK 64-Bit Server VM"/>
    <property name="java.vendor.version" value="Zulu17.36+13-CA"/>
    <property name="localRepository" value="/Users/julian/.m2/repository"/>
    <property name="java.vendor.url.bug" value="http://www.azul.com/support/"/>
    <property name="java.io.tmpdir" value="/var/folders/ly/0jz_nkb52n70chty5dv0xrjr0000gn/T/"/>
    <property name="idea.version" value="2022.2.5"/>
    <property name="catalina.home" value="/private/var/folders/ly/0jz_nkb52n70chty5dv0xrjr0000gn/T/tomcat.0.7605507159454179272"/>
    <property name="java.version" value="17.0.4"/>
    <property name="user.dir" value="/Users/julian/projects/cicdapp-dvj"/>
    <property name="os.arch" value="x86_64"/>
    <property name="java.vm.specification.name" value="Java Virtual Machine Specification"/>
    <property name="PID" value="73364"/>
    <property name="CONSOLE_LOG_CHARSET" value="UTF-8"/>
    <property name="catalina.base" value="/private/var/folders/ly/0jz_nkb52n70chty5dv0xrjr0000gn/T/tomcat.0.7605507159454179272"/>
    <property name="native.encoding" value="UTF-8"/>
    <property name="java.library.path" value="/Users/julian/Library/Java/Extensions:/Library/Java/Extensions:/Network/Library/Java/Extensions:/System/Library/Java/Extensions:/usr/lib/java:."/>
    <property name="java.vm.info" value="mixed mode, sharing"/>
    <property name="java.vendor" value="Azul Systems, Inc."/>
    <property name="java.vm.version" value="17.0.4+8-LTS"/>
    <property name="sun.io.unicode.encoding" value="UnicodeBig"/>
    <property name="socksNonProxyHosts" value="local|*.local|169.254/16|*.169.254/16"/>
    <property name="java.class.version" value="61.0"/>
  </properties>
  <testcase name="testSum" classname="com.eafit.calculatordvj.CalculatorApplicationTests" time="2.374">
    <system-out><![CDATA[20:57:02.803 [main] INFO org.springframework.test.context.support.AnnotationConfigContextLoaderUtils -- Could not detect default configuration classes for test class [com.eafit.calculatordvj.CalculatorApplicationTests]: CalculatorApplicationTests does not declare any static, non-private, non-final, nested classes annotated with @Configuration.
20:57:02.993 [main] INFO org.springframework.boot.test.context.SpringBootTestContextBootstrapper -- Found @SpringBootConfiguration com.eafit.calculatordvj.CalculatorApplication for test class com.eafit.calculatordvj.CalculatorApplicationTests

  .   ____          _            __ _ _
 /\\ / ___'_ __ _ _(_)_ __  __ _ \ \ \ \
( ( )\___ | '_ | '_| | '_ \/ _` | \ \ \ \
 \\/  ___)| |_)| | | | | || (_| |  ) ) ) )
  '  |____| .__|_| |_|_| |_\__, | / / / /
 =========|_|==============|___/=/_/_/_/
 :: Spring Boot ::                (v3.1.4)

2023-10-18T20:57:04.032-05:00  INFO 73364 --- [           main] c.e.c.CalculatorApplicationTests         : Starting CalculatorApplicationTests using Java 17.0.4 with PID 73364 (started by julian in /Users/julian/projects/cicdapp-dvj)
2023-10-18T20:57:04.036-05:00  INFO 73364 --- [           main] c.e.c.CalculatorApplicationTests         : No active profile set, falling back to 1 default profile: "default"
2023-10-18T20:57:07.208-05:00  INFO 73364 --- [           main] o.s.b.w.embedded.tomcat.TomcatWebServer  : Tomcat initialized with port(s): 0 (http)
2023-10-18T20:57:07.234-05:00  INFO 73364 --- [           main] o.apache.catalina.core.StandardService   : Starting service [Tomcat]
2023-10-18T20:57:07.234-05:00  INFO 73364 --- [           main] o.apache.catalina.core.StandardEngine    : Starting Servlet engine: [Apache Tomcat/10.1.13]
2023-10-18T20:57:07.394-05:00  INFO 73364 --- [           main] o.a.c.c.C.[Tomcat].[localhost].[/]       : Initializing Spring embedded WebApplicationContext
2023-10-18T20:57:07.396-05:00  INFO 73364 --- [           main] w.s.c.ServletWebServerApplicationContext : Root WebApplicationContext: initialization completed in 3274 ms
2023-10-18T20:57:08.305-05:00  INFO 73364 --- [           main] o.s.b.a.e.web.EndpointLinksResolver      : Exposing 1 endpoint(s) beneath base path '/actuator'
2023-10-18T20:57:08.418-05:00  INFO 73364 --- [           main] o.s.b.w.embedded.tomcat.TomcatWebServer  : Tomcat started on port(s): 49266 (http) with context path ''
2023-10-18T20:57:08.436-05:00  INFO 73364 --- [           main] c.e.c.CalculatorApplicationTests         : Started CalculatorApplicationTests in 5.146 seconds (process running for 7.447)
2023-10-18T20:57:10.728-05:00  INFO 73364 --- [o-auto-1-exec-1] o.a.c.c.C.[Tomcat].[localhost].[/]       : Initializing Spring DispatcherServlet 'dispatcherServlet'
2023-10-18T20:57:10.728-05:00  INFO 73364 --- [o-auto-1-exec-1] o.s.web.servlet.DispatcherServlet        : Initializing Servlet 'dispatcherServlet'
2023-10-18T20:57:10.730-05:00  INFO 73364 --- [o-auto-1-exec-1] o.s.web.servlet.DispatcherServlet        : Completed initialization in 1 ms
]]></system-out>
  </testcase>
  <testcase name="testSubtract" classname="com.eafit.calculatordvj.CalculatorApplicationTests" time="0.013"/>
  <testcase name="testCube" classname="com.eafit.calculatordvj.CalculatorApplicationTests" time="0.012"/>
  <testcase name="testHelloWithoutNameParam" classname="com.eafit.calculatordvj.CalculatorApplicationTests" time="0.01"/>
  <testcase name="testHelloWithNameParam" classname="com.eafit.calculatordvj.CalculatorApplicationTests" time="0.013"/>
  <testcase name="testIndexWithNameParam" classname="com.eafit.calculatordvj.CalculatorApplicationTests" time="0.009"/>
  <testcase name="contextLoads" classname="com.eafit.calculatordvj.CalculatorApplicationTests" time="0.004"/>
  <testcase name="testSquare" classname="com.eafit.calculatordvj.CalculatorApplicationTests" time="0.01"/>
</testsuite>